<?xml version="1.0" encoding="UTF-8"?>
<testng-results ignored="0" total="2" passed="2" failed="0" skipped="0">
  <reporter-output>
  </reporter-output>
  <suite started-at="2021-04-15T00:20:16 IST" name="Suite" finished-at="2021-04-15T00:20:59 IST" duration-ms="43197">
    <groups>
    </groups>
    <test started-at="2021-04-15T00:20:16 IST" name="Test" finished-at="2021-04-15T00:20:59 IST" duration-ms="43197">
      <class name="tests.AppTest">
        <test-method signature="SampleSeleniumTest()[pri:0, instance:tests.AppTest@776b83cc]" started-at="2021-04-15T00:20:16 IST" name="SampleSeleniumTest" finished-at="2021-04-15T00:20:39 IST" duration-ms="22714" status="PASS">
          <reporter-output>
          </reporter-output>
        </test-method> <!-- SampleSeleniumTest -->
      </class> <!-- tests.AppTest -->
      <class name="tests.SeleniumTest">
        <test-method signature="SampleSeleniumTest()[pri:0, instance:tests.SeleniumTest@37858383]" started-at="2021-04-15T00:20:39 IST" name="SampleSeleniumTest" finished-at="2021-04-15T00:20:59 IST" duration-ms="20438" status="PASS">
          <reporter-output>
          </reporter-output>
        </test-method> <!-- SampleSeleniumTest -->
      </class> <!-- tests.SeleniumTest -->
    </test> <!-- Test -->
  </suite> <!-- Suite -->
</testng-results>
